<?xml version="1.0" encoding="UTF-8"?>
<!-- Generated by org.testng.reporters.JUnitReportReporter -->
<testsuite hostname="LAPTOP-AJ8GQ0SL" failures="0" tests="1" name="cucumber.TestNGTestRunner" time="8.022" errors="0" timestamp="2023-09-27T15:30:44 IST" skipped="0">
  <testcase classname="cucumber.TestNGTestRunner" name="runScenario" time="8.022"/>
</testsuite> <!-- cucumber.TestNGTestRunner -->
