<?xml version="1.0" encoding="UTF-8"?>
<!-- Generated by org.testng.reporters.JUnitReportReporter -->
<testsuite hostname="LAPTOP-AJ8GQ0SL" failures="0" tests="3" name="rahulshettyacademy.tests.SubmitOrderTest" time="18.778" errors="0" timestamp="2023-09-26T09:29:50 IST" skipped="0">
  <testcase classname="rahulshettyacademy.tests.SubmitOrderTest" name="submitOrder" time="6.041"/>
  <testcase classname="rahulshettyacademy.tests.SubmitOrderTest" name="OrderHistoryTest" time="4.120"/>
  <testcase classname="rahulshettyacademy.tests.SubmitOrderTest" name="submitOrder" time="8.617"/>
</testsuite> <!-- rahulshettyacademy.tests.SubmitOrderTest -->
