<?xml version="1.0" encoding="UTF-8"?>
<!-- Generated by org.testng.reporters.JUnitReportReporter -->
<testsuite hostname="LAPTOP-AJ8GQ0SL" failures="0" tests="1" name="rahulshettyacademy.tests.ErrorValidations" time="5.696" errors="0" timestamp="2023-09-22T08:57:37 IST" skipped="0">
  <testcase classname="rahulshettyacademy.tests.ErrorValidations" name="submitOrder" time="5.696"/>
</testsuite> <!-- rahulshettyacademy.tests.ErrorValidations -->
