<?xml version="1.0" encoding="UTF-8"?>
<!-- Generated by org.testng.reporters.JUnitReportReporter -->
<testsuite hostname="LAPTOP-AJ8GQ0SL" failures="0" tests="2" name="rahulshettyacademy.tests.ErrorValidationsTest" time="21.507" errors="0" timestamp="2023-09-26T09:30:37 IST" skipped="0">
  <testcase classname="rahulshettyacademy.tests.ErrorValidationsTest" name="LoginErrorValidation" time="6.543"/>
  <testcase classname="rahulshettyacademy.tests.ErrorValidationsTest" name="ProductErrorValidation" time="14.964"/>
</testsuite> <!-- rahulshettyacademy.tests.ErrorValidationsTest -->
