<?xml version="1.0" encoding="UTF-8"?>
<!-- Generated by org.testng.reporters.JUnitReportReporter -->
<testsuite hostname="LAPTOP-AJ8GQ0SL" failures="0" tests="3" name="rahulshettyacademy.tests.SubmitOrderTest" time="18.530" errors="0" timestamp="2023-09-26T09:30:37 IST" skipped="0">
  <testcase classname="rahulshettyacademy.tests.SubmitOrderTest" name="submitOrder" time="5.759"/>
  <testcase classname="rahulshettyacademy.tests.SubmitOrderTest" name="OrderHistoryTest" time="6.348"/>
  <testcase classname="rahulshettyacademy.tests.SubmitOrderTest" name="submitOrder" time="6.423"/>
</testsuite> <!-- rahulshettyacademy.tests.SubmitOrderTest -->
